<?xml version="1.0" encoding="UTF-8"?>
<testsuite name="com.moa.finance.service.UserTransactionHistoryServiceTest" tests="1" skipped="0" failures="0" errors="0" timestamp="2022-02-07T06:00:53" hostname="inwoo.local" time="0.273">
  <properties/>
  <testcase name="1. Cache 적용 테스트" classname="com.moa.finance.service.UserTransactionHistoryServiceTest" time="0.273"/>
  <system-out><![CDATA[15:00:43.885 [Test worker] DEBUG org.springframework.test.context.BootstrapUtils - Instantiating CacheAwareContextLoaderDelegate from class [org.springframework.test.context.cache.DefaultCacheAwareContextLoaderDelegate]
15:00:43.897 [Test worker] DEBUG org.springframework.test.context.BootstrapUtils - Instantiating BootstrapContext using constructor [public org.springframework.test.context.support.DefaultBootstrapContext(java.lang.Class,org.springframework.test.context.CacheAwareContextLoaderDelegate)]
15:00:43.947 [Test worker] DEBUG org.springframework.test.context.BootstrapUtils - Instantiating TestContextBootstrapper for test class [com.moa.finance.service.UserTransactionHistoryServiceTest] from class [org.springframework.boot.test.context.SpringBootTestContextBootstrapper]
15:00:43.958 [Test worker] INFO org.springframework.boot.test.context.SpringBootTestContextBootstrapper - Neither @ContextConfiguration nor @ContextHierarchy found for test class [com.moa.finance.service.UserTransactionHistoryServiceTest], using SpringBootContextLoader
15:00:43.962 [Test worker] DEBUG org.springframework.test.context.support.AbstractContextLoader - Did not detect default resource location for test class [com.moa.finance.service.UserTransactionHistoryServiceTest]: class path resource [com/moa/finance/service/UserTransactionHistoryServiceTest-context.xml] does not exist
15:00:43.962 [Test worker] DEBUG org.springframework.test.context.support.AbstractContextLoader - Did not detect default resource location for test class [com.moa.finance.service.UserTransactionHistoryServiceTest]: class path resource [com/moa/finance/service/UserTransactionHistoryServiceTestContext.groovy] does not exist
15:00:43.963 [Test worker] INFO org.springframework.test.context.support.AbstractContextLoader - Could not detect default resource locations for test class [com.moa.finance.service.UserTransactionHistoryServiceTest]: no resource found for suffixes {-context.xml, Context.groovy}.
15:00:43.965 [Test worker] INFO org.springframework.test.context.support.AnnotationConfigContextLoaderUtils - Could not detect default configuration classes for test class [com.moa.finance.service.UserTransactionHistoryServiceTest]: UserTransactionHistoryServiceTest does not declare any static, non-private, non-final, nested classes annotated with @Configuration.
15:00:44.037 [Test worker] DEBUG org.springframework.test.context.support.ActiveProfilesUtils - Could not find an 'annotation declaring class' for annotation type [org.springframework.test.context.ActiveProfiles] and class [com.moa.finance.service.UserTransactionHistoryServiceTest]
15:00:44.143 [Test worker] DEBUG org.springframework.context.annotation.ClassPathScanningCandidateComponentProvider - Identified candidate component class: file [/Users/InwooJeong/Documents/MOA-Project/MOA-BE/build/classes/java/main/com/moa/MoaBeApplication.class]
15:00:44.145 [Test worker] INFO org.springframework.boot.test.context.SpringBootTestContextBootstrapper - Found @SpringBootConfiguration com.moa.MoaBeApplication for test class com.moa.finance.service.UserTransactionHistoryServiceTest
15:00:44.261 [Test worker] DEBUG org.springframework.boot.test.context.SpringBootTestContextBootstrapper - @TestExecutionListeners is not present for class [com.moa.finance.service.UserTransactionHistoryServiceTest]: using defaults.
15:00:44.262 [Test worker] INFO org.springframework.boot.test.context.SpringBootTestContextBootstrapper - Loaded default TestExecutionListener class names from location [META-INF/spring.factories]: [org.springframework.boot.test.autoconfigure.restdocs.RestDocsTestExecutionListener, org.springframework.boot.test.autoconfigure.web.client.MockRestServiceServerResetTestExecutionListener, org.springframework.boot.test.autoconfigure.web.servlet.MockMvcPrintOnlyOnFailureTestExecutionListener, org.springframework.boot.test.autoconfigure.web.servlet.WebDriverTestExecutionListener, org.springframework.boot.test.autoconfigure.webservices.client.MockWebServiceServerTestExecutionListener, org.springframework.boot.test.mock.mockito.MockitoTestExecutionListener, org.springframework.boot.test.mock.mockito.ResetMocksTestExecutionListener, org.springframework.test.context.web.ServletTestExecutionListener, org.springframework.test.context.support.DirtiesContextBeforeModesTestExecutionListener, org.springframework.test.context.event.ApplicationEventsTestExecutionListener, org.springframework.test.context.support.DependencyInjectionTestExecutionListener, org.springframework.test.context.support.DirtiesContextTestExecutionListener, org.springframework.test.context.transaction.TransactionalTestExecutionListener, org.springframework.test.context.jdbc.SqlScriptsTestExecutionListener, org.springframework.test.context.event.EventPublishingTestExecutionListener]
15:00:44.281 [Test worker] INFO org.springframework.boot.test.context.SpringBootTestContextBootstrapper - Using TestExecutionListeners: [org.springframework.test.context.web.ServletTestExecutionListener@3d4d3fe7, org.springframework.test.context.support.DirtiesContextBeforeModesTestExecutionListener@65f87a2c, org.springframework.test.context.event.ApplicationEventsTestExecutionListener@51684e4a, org.springframework.boot.test.mock.mockito.MockitoTestExecutionListener@6ce1f601, org.springframework.boot.test.autoconfigure.SpringBootDependencyInjectionTestExecutionListener@38875e7d, org.springframework.test.context.support.DirtiesContextTestExecutionListener@1e886a5b, org.springframework.test.context.transaction.TransactionalTestExecutionListener@d816dde, org.springframework.test.context.jdbc.SqlScriptsTestExecutionListener@6e33c391, org.springframework.test.context.event.EventPublishingTestExecutionListener@6c451c9c, org.springframework.boot.test.autoconfigure.restdocs.RestDocsTestExecutionListener@31c269fd, org.springframework.boot.test.autoconfigure.web.client.MockRestServiceServerResetTestExecutionListener@372b0d86, org.springframework.boot.test.autoconfigure.web.servlet.MockMvcPrintOnlyOnFailureTestExecutionListener@47747fb9, org.springframework.boot.test.autoconfigure.web.servlet.WebDriverTestExecutionListener@3113a37, org.springframework.boot.test.autoconfigure.webservices.client.MockWebServiceServerTestExecutionListener@213e3629, org.springframework.boot.test.mock.mockito.ResetMocksTestExecutionListener@4e9658b5]
15:00:44.294 [Test worker] DEBUG org.springframework.test.context.support.AbstractDirtiesContextTestExecutionListener - Before test class: context [DefaultTestContext@4d9d1b69 testClass = UserTransactionHistoryServiceTest, testInstance = [null], testMethod = [null], testException = [null], mergedContextConfiguration = [WebMergedContextConfiguration@52c8295b testClass = UserTransactionHistoryServiceTest, locations = '{}', classes = '{class com.moa.MoaBeApplication}', contextInitializerClasses = '[]', activeProfiles = '{}', propertySourceLocations = '{}', propertySourceProperties = '{org.springframework.boot.test.context.SpringBootTestContextBootstrapper=true}', contextCustomizers = set[org.springframework.boot.test.autoconfigure.actuate.metrics.MetricsExportContextCustomizerFactory$DisableMetricExportContextCustomizer@278bb07e, org.springframework.boot.test.autoconfigure.properties.PropertyMappingContextCustomizer@0, org.springframework.boot.test.autoconfigure.web.servlet.WebDriverContextCustomizerFactory$Customizer@20a14b55, org.springframework.boot.test.context.filter.ExcludeFilterContextCustomizer@75b25825, org.springframework.boot.test.json.DuplicateJsonObjectContextCustomizerFactory$DuplicateJsonObjectContextCustomizer@3a3e4aff, org.springframework.boot.test.mock.mockito.MockitoContextCustomizer@0, org.springframework.boot.test.web.client.TestRestTemplateContextCustomizer@686449f9, org.springframework.boot.test.context.SpringBootTestArgs@1, org.springframework.boot.test.context.SpringBootTestWebEnvironment@e3b3b2f], resourceBasePath = 'src/main/webapp', contextLoader = 'org.springframework.boot.test.context.SpringBootContextLoader', parent = [null]], attributes = map['org.springframework.test.context.web.ServletTestExecutionListener.activateListener' -> true]], class annotated with @DirtiesContext [false] with mode [null].

  .   ____          _            __ _ _
 /\\ / ___'_ __ _ _(_)_ __  __ _ \ \ \ \
( ( )\___ | '_ | '_| | '_ \/ _` | \ \ \ \
 \\/  ___)| |_)| | | | | || (_| |  ) ) ) )
  '  |____| .__|_| |_|_| |_\__, | / / / /
 =========|_|==============|___/=/_/_/_/
 :: Spring Boot ::                (v2.6.3)

2022-02-07 15:00:44.987  INFO 70344 --- [    Test worker] .m.f.s.UserTransactionHistoryServiceTest : Starting UserTransactionHistoryServiceTest using Java 11.0.12 on inwoo.local with PID 70344 (started by ryeol in /Users/InwooJeong/Documents/MOA-Project/MOA-BE)
2022-02-07 15:00:44.989  INFO 70344 --- [    Test worker] .m.f.s.UserTransactionHistoryServiceTest : No active profile set, falling back to default profiles: default
2022-02-07 15:00:46.579  INFO 70344 --- [    Test worker] .s.d.r.c.RepositoryConfigurationDelegate : Multiple Spring Data modules found, entering strict repository configuration mode!
2022-02-07 15:00:46.583  INFO 70344 --- [    Test worker] .s.d.r.c.RepositoryConfigurationDelegate : Bootstrapping Spring Data JPA repositories in DEFAULT mode.
2022-02-07 15:00:46.849  INFO 70344 --- [    Test worker] .s.d.r.c.RepositoryConfigurationDelegate : Finished Spring Data repository scanning in 249 ms. Found 6 JPA repository interfaces.
2022-02-07 15:00:46.882  INFO 70344 --- [    Test worker] .s.d.r.c.RepositoryConfigurationDelegate : Multiple Spring Data modules found, entering strict repository configuration mode!
2022-02-07 15:00:46.883  INFO 70344 --- [    Test worker] .s.d.r.c.RepositoryConfigurationDelegate : Bootstrapping Spring Data Redis repositories in DEFAULT mode.
2022-02-07 15:00:46.907  INFO 70344 --- [    Test worker] .RepositoryConfigurationExtensionSupport : Spring Data Redis - Could not safely identify store assignment for repository candidate interface com.moa.finance.repository.dummy.BankAccountRepository. If you want this repository to be a Redis repository, consider annotating your entities with one of these annotations: org.springframework.data.redis.core.RedisHash (preferred), or consider extending one of the following types with your repository: org.springframework.data.keyvalue.repository.KeyValueRepository.
2022-02-07 15:00:46.909  INFO 70344 --- [    Test worker] .RepositoryConfigurationExtensionSupport : Spring Data Redis - Could not safely identify store assignment for repository candidate interface com.moa.finance.repository.dummy.BankRepository. If you want this repository to be a Redis repository, consider annotating your entities with one of these annotations: org.springframework.data.redis.core.RedisHash (preferred), or consider extending one of the following types with your repository: org.springframework.data.keyvalue.repository.KeyValueRepository.
2022-02-07 15:00:46.911  INFO 70344 --- [    Test worker] .RepositoryConfigurationExtensionSupport : Spring Data Redis - Could not safely identify store assignment for repository candidate interface com.moa.finance.repository.dummy.BankSavingProductsRepository. If you want this repository to be a Redis repository, consider annotating your entities with one of these annotations: org.springframework.data.redis.core.RedisHash (preferred), or consider extending one of the following types with your repository: org.springframework.data.keyvalue.repository.KeyValueRepository.
2022-02-07 15:00:46.911  INFO 70344 --- [    Test worker] .RepositoryConfigurationExtensionSupport : Spring Data Redis - Could not safely identify store assignment for repository candidate interface com.moa.finance.repository.dummy.BankTransactionHistoryRepository. If you want this repository to be a Redis repository, consider annotating your entities with one of these annotations: org.springframework.data.redis.core.RedisHash (preferred), or consider extending one of the following types with your repository: org.springframework.data.keyvalue.repository.KeyValueRepository.
2022-02-07 15:00:46.912  INFO 70344 --- [    Test worker] .RepositoryConfigurationExtensionSupport : Spring Data Redis - Could not safely identify store assignment for repository candidate interface com.moa.finance.repository.finance.UserAccountRepository. If you want this repository to be a Redis repository, consider annotating your entities with one of these annotations: org.springframework.data.redis.core.RedisHash (preferred), or consider extending one of the following types with your repository: org.springframework.data.keyvalue.repository.KeyValueRepository.
2022-02-07 15:00:46.913  INFO 70344 --- [    Test worker] .RepositoryConfigurationExtensionSupport : Spring Data Redis - Could not safely identify store assignment for repository candidate interface com.moa.finance.repository.finance.UserRepository. If you want this repository to be a Redis repository, consider annotating your entities with one of these annotations: org.springframework.data.redis.core.RedisHash (preferred), or consider extending one of the following types with your repository: org.springframework.data.keyvalue.repository.KeyValueRepository.
2022-02-07 15:00:46.914  INFO 70344 --- [    Test worker] .s.d.r.c.RepositoryConfigurationDelegate : Finished Spring Data repository scanning in 21 ms. Found 0 Redis repository interfaces.
2022-02-07 15:00:48.586  INFO 70344 --- [    Test worker] org.ehcache.core.EhcacheManager          : Cache 'savingProductsCache' created in EhcacheManager.
2022-02-07 15:00:48.589  INFO 70344 --- [    Test worker] org.ehcache.core.EhcacheManager          : Cache 'transactionHistoryCache' created in EhcacheManager.
2022-02-07 15:00:48.733  INFO 70344 --- [    Test worker] org.ehcache.jsr107.Eh107CacheManager     : Registering Ehcache MBean javax.cache:type=CacheConfiguration,CacheManager=file./Users/InwooJeong/Documents/MOA-Project/MOA-BE/build/resources/main/ehcache.xml,Cache=savingProductsCache
2022-02-07 15:00:48.738  INFO 70344 --- [    Test worker] org.ehcache.jsr107.Eh107CacheManager     : Registering Ehcache MBean javax.cache:type=CacheStatistics,CacheManager=file./Users/InwooJeong/Documents/MOA-Project/MOA-BE/build/resources/main/ehcache.xml,Cache=savingProductsCache
2022-02-07 15:00:48.739  INFO 70344 --- [    Test worker] org.ehcache.jsr107.Eh107CacheManager     : Registering Ehcache MBean javax.cache:type=CacheConfiguration,CacheManager=file./Users/InwooJeong/Documents/MOA-Project/MOA-BE/build/resources/main/ehcache.xml,Cache=transactionHistoryCache
2022-02-07 15:00:48.740  INFO 70344 --- [    Test worker] org.ehcache.jsr107.Eh107CacheManager     : Registering Ehcache MBean javax.cache:type=CacheStatistics,CacheManager=file./Users/InwooJeong/Documents/MOA-Project/MOA-BE/build/resources/main/ehcache.xml,Cache=transactionHistoryCache
2022-02-07 15:00:48.781  INFO 70344 --- [    Test worker] org.ehcache.jsr107.Eh107CacheManager     : Registering Ehcache MBean javax.cache:type=CacheConfiguration,CacheManager=file./Users/InwooJeong/Documents/MOA-Project/MOA-BE/build/resources/main/ehcache.xml,Cache=savingProductsCache
2022-02-07 15:00:48.785  INFO 70344 --- [    Test worker] org.ehcache.jsr107.Eh107CacheManager     : Registering Ehcache MBean javax.cache:type=CacheStatistics,CacheManager=file./Users/InwooJeong/Documents/MOA-Project/MOA-BE/build/resources/main/ehcache.xml,Cache=savingProductsCache
2022-02-07 15:00:48.786  INFO 70344 --- [    Test worker] org.ehcache.jsr107.Eh107CacheManager     : Registering Ehcache MBean javax.cache:type=CacheConfiguration,CacheManager=file./Users/InwooJeong/Documents/MOA-Project/MOA-BE/build/resources/main/ehcache.xml,Cache=transactionHistoryCache
2022-02-07 15:00:48.786  INFO 70344 --- [    Test worker] org.ehcache.jsr107.Eh107CacheManager     : Registering Ehcache MBean javax.cache:type=CacheStatistics,CacheManager=file./Users/InwooJeong/Documents/MOA-Project/MOA-BE/build/resources/main/ehcache.xml,Cache=transactionHistoryCache
2022-02-07 15:00:49.237  INFO 70344 --- [    Test worker] o.hibernate.jpa.internal.util.LogHelper  : HHH000204: Processing PersistenceUnitInfo [name: default]
2022-02-07 15:00:49.286  INFO 70344 --- [    Test worker] org.hibernate.Version                    : HHH000412: Hibernate ORM core version 5.6.4.Final
2022-02-07 15:00:49.444  INFO 70344 --- [    Test worker] o.hibernate.annotations.common.Version   : HCANN000001: Hibernate Commons Annotations {5.1.2.Final}
2022-02-07 15:00:49.533  INFO 70344 --- [    Test worker] com.zaxxer.hikari.HikariDataSource       : HikariPool-1 - Starting...
2022-02-07 15:00:49.694  INFO 70344 --- [    Test worker] com.zaxxer.hikari.HikariDataSource       : HikariPool-1 - Start completed.
2022-02-07 15:00:49.733  INFO 70344 --- [    Test worker] org.hibernate.dialect.Dialect            : HHH000400: Using dialect: org.hibernate.dialect.H2Dialect
2022-02-07 15:00:50.841  INFO 70344 --- [    Test worker] o.h.e.t.j.p.i.JtaPlatformInitiator       : HHH000490: Using JtaPlatform implementation: [org.hibernate.engine.transaction.jta.platform.internal.NoJtaPlatform]
2022-02-07 15:00:50.855  INFO 70344 --- [    Test worker] j.LocalContainerEntityManagerFactoryBean : Initialized JPA EntityManagerFactory for persistence unit 'default'
2022-02-07 15:00:52.162  WARN 70344 --- [    Test worker] JpaBaseConfiguration$JpaWebConfiguration : spring.jpa.open-in-view is enabled by default. Therefore, database queries may be performed during view rendering. Explicitly configure spring.jpa.open-in-view to disable this warning
2022-02-07 15:00:53.800  INFO 70344 --- [    Test worker] .m.f.s.UserTransactionHistoryServiceTest : Started UserTransactionHistoryServiceTest in 9.404 seconds (JVM running for 11.481)
2022-02-07 15:00:54.004  INFO 70344 --- [    Test worker] c.m.f.s.UserTransactionHistoryService    : Done
[캐시적용 전] 실행시간 : 109
=================
[캐시적용 후] 실행시간 : 1
]]></system-out>
  <system-err><![CDATA[]]></system-err>
</testsuite>
